  [1m[35m (297.9ms)[0m  [1m[35mCREATE DATABASE "musicApp_development" ENCODING = 'unicode'[0m
  ↳ bin/rails:9
  [1m[35m (64.9ms)[0m  [1m[35mCREATE DATABASE "musicApp_test" ENCODING = 'unicode'[0m
  ↳ bin/rails:9
  [1m[35m (19.3ms)[0m  [1m[35mCREATE TABLE "schema_migrations" ("version" character varying NOT NULL PRIMARY KEY)[0m
  ↳ bin/rails:9
  [1m[35m (2.8ms)[0m  [1m[35mCREATE TABLE "ar_internal_metadata" ("key" character varying NOT NULL PRIMARY KEY, "value" character varying, "created_at" timestamp NOT NULL, "updated_at" timestamp NOT NULL)[0m
  ↳ bin/rails:9
  [1m[35m (0.1ms)[0m  [1m[34mSELECT pg_try_advisory_lock(1923605045763461130)[0m
  ↳ bin/rails:9
  [1m[35m (0.4ms)[0m  [1m[34mSELECT "schema_migrations"."version" FROM "schema_migrations" ORDER BY "schema_migrations"."version" ASC[0m
  ↳ bin/rails:9
Migrating to CreateUsers (20220706175023)
  [1m[35m (0.1ms)[0m  [1m[35mBEGIN[0m
  ↳ bin/rails:9
  [1m[35m (7.9ms)[0m  [1m[35mCREATE TABLE "users" ("id" bigserial primary key, "email" character varying NOT NULL, "password_digest" character varying NOT NULL, "session_token" character varying NOT NULL, "created_at" timestamp NOT NULL, "updated_at" timestamp NOT NULL)[0m
  ↳ db/migrate/20220706175023_create_users.rb:3
  [1m[35m (1.0ms)[0m  [1m[35mCREATE UNIQUE INDEX  "index_users_on_session_token_and_email" ON "users"  ("session_token", "email")[0m
  ↳ db/migrate/20220706175023_create_users.rb:11
  [1m[36mActiveRecord::SchemaMigration Create (0.7ms)[0m  [1m[32mINSERT INTO "schema_migrations" ("version") VALUES ($1) RETURNING "version"[0m  [["version", "20220706175023"]]
  ↳ bin/rails:9
  [1m[35m (0.5ms)[0m  [1m[35mCOMMIT[0m
  ↳ bin/rails:9
  [1m[36mActiveRecord::InternalMetadata Load (0.3ms)[0m  [1m[34mSELECT  "ar_internal_metadata".* FROM "ar_internal_metadata" WHERE "ar_internal_metadata"."key" = $1 LIMIT $2[0m  [["key", "environment"], ["LIMIT", 1]]
  ↳ bin/rails:9
  [1m[35m (0.1ms)[0m  [1m[35mBEGIN[0m
  ↳ bin/rails:9
  [1m[36mActiveRecord::InternalMetadata Create (0.7ms)[0m  [1m[32mINSERT INTO "ar_internal_metadata" ("key", "value", "created_at", "updated_at") VALUES ($1, $2, $3, $4) RETURNING "key"[0m  [["key", "environment"], ["value", "development"], ["created_at", "2022-07-06 17:57:34.953279"], ["updated_at", "2022-07-06 17:57:34.953279"]]
  ↳ bin/rails:9
  [1m[35m (3.3ms)[0m  [1m[35mCOMMIT[0m
  ↳ bin/rails:9
  [1m[35m (2.4ms)[0m  [1m[34mSELECT pg_advisory_unlock(1923605045763461130)[0m
  ↳ bin/rails:9
  [1m[35m (0.3ms)[0m  [1m[34mSELECT "schema_migrations"."version" FROM "schema_migrations" ORDER BY "schema_migrations"."version" ASC[0m
  ↳ bin/rails:9
  [1m[35m (0.9ms)[0m  [1m[34mSELECT "schema_migrations"."version" FROM "schema_migrations" ORDER BY "schema_migrations"."version" ASC[0m
  ↳ /Users/leonelcolina/.rbenv/versions/2.5.1/bin/annotate:25
Started GET "/" for ::1 at 2022-07-06 14:50:14 -0400
  [1m[35m (0.5ms)[0m  [1m[34mSELECT "schema_migrations"."version" FROM "schema_migrations" ORDER BY "schema_migrations"."version" ASC[0m
  ↳ /Users/leonelcolina/.rbenv/versions/2.5.1/lib/ruby/gems/2.5.0/gems/activerecord-5.2.8/lib/active_record/log_subscriber.rb:98
Processing by Rails::WelcomeController#index as HTML
  Rendering /Users/leonelcolina/.rbenv/versions/2.5.1/lib/ruby/gems/2.5.0/gems/railties-5.2.8/lib/rails/templates/rails/welcome/index.html.erb
  Rendered /Users/leonelcolina/.rbenv/versions/2.5.1/lib/ruby/gems/2.5.0/gems/railties-5.2.8/lib/rails/templates/rails/welcome/index.html.erb (2.0ms)
Completed 200 OK in 13ms (Views: 6.7ms | ActiveRecord: 0.0ms)


Started GET "/users/new" for ::1 at 2022-07-06 14:50:18 -0400
Processing by UsersController#new as HTML
Completed 500 Internal Server Error in 4ms (ActiveRecord: 0.0ms)



ActionView::MissingTemplate - Missing template users/new, application/new with {:locale=>[:en], :formats=>[:html], :variants=>[], :handlers=>[:raw, :erb, :html, :builder, :ruby, :coffee, :jbuilder]}. Searched in:
  * "/Users/leonelcolina/Desktop/aa_classwork/w7d3/musicApp/app/views":
  app/controllers/users_controller.rb:5:in `new'

Started POST "/__better_errors/b5fd8bfba6637e78/variables" for ::1 at 2022-07-06 14:50:18 -0400
Started GET "/users" for ::1 at 2022-07-06 14:52:55 -0400
  
ActionController::RoutingError (No route matches [GET] "/users"):
  
actionpack (5.2.8) lib/action_dispatch/middleware/debug_exceptions.rb:65:in `call'
web-console (3.7.0) lib/web_console/middleware.rb:135:in `call_app'
web-console (3.7.0) lib/web_console/middleware.rb:30:in `block in call'
web-console (3.7.0) lib/web_console/middleware.rb:20:in `catch'
web-console (3.7.0) lib/web_console/middleware.rb:20:in `call'
actionpack (5.2.8) lib/action_dispatch/middleware/show_exceptions.rb:33:in `call'
railties (5.2.8) lib/rails/rack/logger.rb:38:in `call_app'
railties (5.2.8) lib/rails/rack/logger.rb:26:in `block in call'
activesupport (5.2.8) lib/active_support/tagged_logging.rb:71:in `block in tagged'
activesupport (5.2.8) lib/active_support/tagged_logging.rb:28:in `tagged'
activesupport (5.2.8) lib/active_support/tagged_logging.rb:71:in `tagged'
railties (5.2.8) lib/rails/rack/logger.rb:26:in `call'
sprockets-rails (3.4.2) lib/sprockets/rails/quiet_assets.rb:13:in `call'
actionpack (5.2.8) lib/action_dispatch/middleware/remote_ip.rb:81:in `call'
actionpack (5.2.8) lib/action_dispatch/middleware/request_id.rb:27:in `call'
rack (2.2.4) lib/rack/method_override.rb:24:in `call'
rack (2.2.4) lib/rack/runtime.rb:22:in `call'
activesupport (5.2.8) lib/active_support/cache/strategy/local_cache_middleware.rb:29:in `call'
actionpack (5.2.8) lib/action_dispatch/middleware/executor.rb:14:in `call'
actionpack (5.2.8) lib/action_dispatch/middleware/static.rb:127:in `call'
rack (2.2.4) lib/rack/sendfile.rb:110:in `call'
railties (5.2.8) lib/rails/engine.rb:524:in `call'
puma (3.12.6) lib/puma/configuration.rb:227:in `call'
puma (3.12.6) lib/puma/server.rb:706:in `handle_request'
puma (3.12.6) lib/puma/server.rb:476:in `process_client'
puma (3.12.6) lib/puma/server.rb:334:in `block in run'
puma (3.12.6) lib/puma/thread_pool.rb:135:in `block in spawn_thread'
Started GET "/users/new" for ::1 at 2022-07-06 14:53:04 -0400
Processing by UsersController#new as HTML
Completed 500 Internal Server Error in 4ms (ActiveRecord: 0.0ms)



ActionView::MissingTemplate - Missing template users/new, application/new with {:locale=>[:en], :formats=>[:html], :variants=>[], :handlers=>[:raw, :erb, :html, :builder, :ruby, :coffee, :jbuilder]}. Searched in:
  * "/Users/leonelcolina/Desktop/aa_classwork/w7d3/musicApp/app/views":
  app/controllers/users_controller.rb:5:in `new'

Started POST "/__better_errors/495c12fd69e63e8e/variables" for ::1 at 2022-07-06 14:53:04 -0400
Started GET "/users/new" for ::1 at 2022-07-06 15:01:30 -0400
Processing by UsersController#new as HTML
Completed 500 Internal Server Error in 2ms (ActiveRecord: 0.0ms)



SyntaxError - syntax error, unexpected tIDENTIFIER, expecting tCONSTANT
...lidation ::ensure_session_token
...           ^~~~~~~~~~~~~~~~~~~~:
  app/models/user.rb:14:in `'
  app/controllers/users_controller.rb:5:in `new'

Started POST "/__better_errors/8f29c06703508070/variables" for ::1 at 2022-07-06 15:01:30 -0400
Started GET "/users/new" for ::1 at 2022-07-06 15:01:31 -0400
Processing by UsersController#new as HTML
Completed 500 Internal Server Error in 2ms (ActiveRecord: 0.0ms)



SyntaxError - syntax error, unexpected tIDENTIFIER, expecting tCONSTANT
...lidation ::ensure_session_token
...           ^~~~~~~~~~~~~~~~~~~~:
  app/models/user.rb:14:in `'
  app/controllers/users_controller.rb:5:in `new'

Started POST "/__better_errors/4005870e7b4c7cc0/variables" for ::1 at 2022-07-06 15:01:31 -0400
Started GET "/users/new" for ::1 at 2022-07-06 15:02:05 -0400
Processing by UsersController#new as HTML
Completed 500 Internal Server Error in 18ms (ActiveRecord: 9.1ms)



ActionView::MissingTemplate - Missing template users/new, application/new with {:locale=>[:en], :formats=>[:html], :variants=>[], :handlers=>[:raw, :erb, :html, :builder, :ruby, :coffee, :jbuilder]}. Searched in:
  * "/Users/leonelcolina/Desktop/aa_classwork/w7d3/musicApp/app/views":
  app/controllers/users_controller.rb:6:in `new'

Started POST "/__better_errors/dbc207d47b30dd21/variables" for ::1 at 2022-07-06 15:02:05 -0400
Started GET "/users/new" for ::1 at 2022-07-06 15:03:45 -0400
Processing by UsersController#new as HTML
  Rendering users/new.html.erb within layouts/application
  Rendered users/new.html.erb within layouts/application (0.5ms)
Completed 200 OK in 639ms (Views: 638.0ms | ActiveRecord: 0.0ms)


Started GET "/users/new" for ::1 at 2022-07-06 15:06:38 -0400
Processing by UsersController#new as HTML
  Rendering users/new.html.erb within layouts/application
  Rendered users/new.html.erb within layouts/application (1.4ms)
Completed 200 OK in 40ms (Views: 36.7ms | ActiveRecord: 0.0ms)


Started GET "/users/new" for ::1 at 2022-07-06 15:07:56 -0400
Processing by UsersController#new as HTML
  Rendering users/new.html.erb within layouts/application
  Rendered users/new.html.erb within layouts/application (0.4ms)
Completed 200 OK in 37ms (Views: 19.2ms | ActiveRecord: 6.7ms)


Started GET "/users/new" for ::1 at 2022-07-06 15:12:38 -0400
Processing by UsersController#new as HTML
  Rendering users/new.html.erb within layouts/application
  Rendered users/new.html.erb within layouts/application (13.8ms)
Completed 200 OK in 53ms (Views: 49.8ms | ActiveRecord: 0.0ms)


Started GET "/users/new" for ::1 at 2022-07-06 15:18:17 -0400
Processing by UsersController#new as HTML
  Rendering users/new.html.erb within layouts/application
  Rendered users/new.html.erb within layouts/application (0.5ms)
Completed 200 OK in 29ms (Views: 17.2ms | ActiveRecord: 7.0ms)


Started POST "/users" for ::1 at 2022-07-06 15:18:23 -0400
Processing by UsersController#create as HTML
  Parameters: {"user"=>{"name"=>"leo", "password"=>"[FILTERED]"}}
Can't verify CSRF token authenticity.
Completed 422 Unprocessable Entity in 34ms (ActiveRecord: 0.0ms)



ActionController::InvalidAuthenticityToken - ActionController::InvalidAuthenticityToken:

Started POST "/__better_errors/31993f43c4d75e41/variables" for ::1 at 2022-07-06 15:18:23 -0400
Started POST "/users" for ::1 at 2022-07-06 15:25:37 -0400
Processing by UsersController#create as HTML
  Parameters: {"user"=>{"name"=>"leo", "password"=>"[FILTERED]"}}
Can't verify CSRF token authenticity.
Completed 422 Unprocessable Entity in 1ms (ActiveRecord: 0.0ms)



ActionController::InvalidAuthenticityToken - ActionController::InvalidAuthenticityToken:

Started POST "/__better_errors/42c32e53263820ff/variables" for ::1 at 2022-07-06 15:25:37 -0400
Started GET "/users/new" for ::1 at 2022-07-06 15:26:05 -0400
Processing by UsersController#new as HTML
  Rendering users/new.html.erb within layouts/application
  Rendered users/new.html.erb within layouts/application (2.8ms)
Completed 200 OK in 51ms (Views: 32.3ms | ActiveRecord: 9.0ms)


Started GET "/users/new" for ::1 at 2022-07-06 15:28:34 -0400
Processing by UsersController#new as HTML
  Rendering users/new.html.erb within layouts/application
  Rendered users/new.html.erb within layouts/application (0.5ms)
Completed 200 OK in 26ms (Views: 14.1ms | ActiveRecord: 5.1ms)


Started POST "/users" for ::1 at 2022-07-06 15:28:37 -0400
Processing by UsersController#create as HTML
  Parameters: {"user"=>{"name"=>"leo", "password"=>"[FILTERED]"}}
Can't verify CSRF token authenticity.
Completed 422 Unprocessable Entity in 1ms (ActiveRecord: 0.0ms)



ActionController::InvalidAuthenticityToken - ActionController::InvalidAuthenticityToken:

Started POST "/__better_errors/5327ef73102d4a8e/variables" for ::1 at 2022-07-06 15:28:37 -0400
Started POST "/users" for ::1 at 2022-07-06 15:43:53 -0400
Processing by UsersController#create as HTML
  Parameters: {"user"=>{"name"=>"leo", "password"=>"[FILTERED]"}}
Can't verify CSRF token authenticity.
Completed 422 Unprocessable Entity in 1ms (ActiveRecord: 0.0ms)



ActionController::InvalidAuthenticityToken - ActionController::InvalidAuthenticityToken:

Started POST "/__better_errors/58ab700d4bc1646b/variables" for ::1 at 2022-07-06 15:43:53 -0400
Started GET "/users/new" for ::1 at 2022-07-06 15:43:59 -0400
Processing by UsersController#new as HTML
  Rendering users/new.html.erb within layouts/application
  Rendered users/new.html.erb within layouts/application (0.6ms)
Completed 200 OK in 42ms (Views: 17.5ms | ActiveRecord: 12.8ms)


Started GET "/users/new" for ::1 at 2022-07-06 16:18:26 -0400
Processing by UsersController#new as HTML
  Rendering users/new.html.erb within layouts/application
  Rendered users/new.html.erb within layouts/application (1.1ms)
Completed 200 OK in 42ms (Views: 20.4ms | ActiveRecord: 12.3ms)


Started POST "/users" for ::1 at 2022-07-06 16:18:29 -0400
Processing by UsersController#create as HTML
  Parameters: {"user"=>{"name"=>"leo", "password"=>"[FILTERED]"}}
Can't verify CSRF token authenticity.
Completed 422 Unprocessable Entity in 1ms (ActiveRecord: 0.0ms)



ActionController::InvalidAuthenticityToken - ActionController::InvalidAuthenticityToken:

Started POST "/__better_errors/b0a3eb43621d8819/variables" for ::1 at 2022-07-06 16:18:29 -0400
Started POST "/users" for ::1 at 2022-07-06 16:20:23 -0400
Processing by UsersController#create as HTML
  Parameters: {"user"=>{"name"=>"leo", "password"=>"[FILTERED]"}}
Can't verify CSRF token authenticity.
Completed 422 Unprocessable Entity in 1ms (ActiveRecord: 0.0ms)



ActionController::InvalidAuthenticityToken - ActionController::InvalidAuthenticityToken:

Started POST "/__better_errors/673f0e2af9c560f6/variables" for ::1 at 2022-07-06 16:20:24 -0400
Started POST "/users" for ::1 at 2022-07-06 16:22:10 -0400
Processing by UsersController#create as HTML
  Parameters: {"user"=>{"name"=>"leo", "password"=>"[FILTERED]"}}
Can't verify CSRF token authenticity.
Completed 422 Unprocessable Entity in 1ms (ActiveRecord: 0.0ms)



ActionController::InvalidAuthenticityToken - ActionController::InvalidAuthenticityToken:

Started POST "/__better_errors/08b8d43906a2e21c/variables" for ::1 at 2022-07-06 16:22:10 -0400
Started POST "/users" for ::1 at 2022-07-06 16:25:13 -0400
Processing by UsersController#create as HTML
  Parameters: {"user"=>{"name"=>"leo", "password"=>"[FILTERED]"}}
Can't verify CSRF token authenticity.
Completed 422 Unprocessable Entity in 1ms (ActiveRecord: 0.0ms)



ActionController::InvalidAuthenticityToken - ActionController::InvalidAuthenticityToken:

Started POST "/__better_errors/3416e391b690f38e/variables" for ::1 at 2022-07-06 16:25:13 -0400
Started POST "/users" for ::1 at 2022-07-06 16:26:21 -0400
Processing by UsersController#create as HTML
  Parameters: {"user"=>{"name"=>"leo", "password"=>"[FILTERED]"}}
Can't verify CSRF token authenticity.
Completed 422 Unprocessable Entity in 1ms (ActiveRecord: 0.0ms)



ActionController::InvalidAuthenticityToken - ActionController::InvalidAuthenticityToken:

Started POST "/__better_errors/0cb529782d5371c2/variables" for ::1 at 2022-07-06 16:26:21 -0400
Started POST "/users" for ::1 at 2022-07-06 16:28:50 -0400
Processing by UsersController#create as HTML
  Parameters: {"user"=>{"name"=>"leo", "password"=>"[FILTERED]"}}
Can't verify CSRF token authenticity.
Completed 422 Unprocessable Entity in 1ms (ActiveRecord: 0.0ms)



ActionController::InvalidAuthenticityToken - ActionController::InvalidAuthenticityToken:

Started POST "/__better_errors/528054b90f1bffb5/variables" for ::1 at 2022-07-06 16:28:50 -0400
Started POST "/users" for ::1 at 2022-07-06 16:30:03 -0400
Processing by UsersController#create as HTML
  Parameters: {"user"=>{"name"=>"leo", "password"=>"[FILTERED]"}}
Can't verify CSRF token authenticity.
Completed 422 Unprocessable Entity in 1ms (ActiveRecord: 0.0ms)



ActionController::InvalidAuthenticityToken - ActionController::InvalidAuthenticityToken:

Started POST "/__better_errors/6f1dc411ee94fe1c/variables" for ::1 at 2022-07-06 16:30:03 -0400
Started POST "/users" for ::1 at 2022-07-06 16:31:29 -0400
Processing by UsersController#create as HTML
  Parameters: {"user"=>{"name"=>"leo", "password"=>"[FILTERED]"}}
Can't verify CSRF token authenticity.
Completed 422 Unprocessable Entity in 5ms (ActiveRecord: 0.0ms)



ActionController::InvalidAuthenticityToken - ActionController::InvalidAuthenticityToken:

Started POST "/__better_errors/5c49e648af323610/variables" for ::1 at 2022-07-06 16:31:29 -0400
Started POST "/users" for ::1 at 2022-07-06 16:33:05 -0400

SyntaxError - syntax error, unexpected '='
        @current_user || = User.find_by(session_token: ...
                         ^:
  app/controllers/application_controller.rb:7:in `'
  app/controllers/users_controller.rb:1:in `<top (required)>'

Started POST "/__better_errors/a12098902b347a2f/variables" for ::1 at 2022-07-06 16:33:05 -0400
Started POST "/users" for ::1 at 2022-07-06 16:33:21 -0400
Processing by UsersController#create as HTML
  Parameters: {"user"=>{"name"=>"leo", "password"=>"[FILTERED]"}}
Can't verify CSRF token authenticity.
Completed 422 Unprocessable Entity in 8ms (ActiveRecord: 0.0ms)



ActionController::InvalidAuthenticityToken - ActionController::InvalidAuthenticityToken:

Started POST "/__better_errors/175df8b5410e5818/variables" for ::1 at 2022-07-06 16:33:22 -0400
Started POST "/users" for ::1 at 2022-07-06 16:36:34 -0400
Processing by UsersController#create as HTML
  Parameters: {"user"=>{"name"=>"leo", "password"=>"[FILTERED]"}}
Can't verify CSRF token authenticity.
Completed 422 Unprocessable Entity in 1ms (ActiveRecord: 0.0ms)



ActionController::InvalidAuthenticityToken - ActionController::InvalidAuthenticityToken:

Started POST "/__better_errors/e1931ceefc6cab8e/variables" for ::1 at 2022-07-06 16:36:34 -0400
Started GET "/users" for ::1 at 2022-07-06 17:15:39 -0400
  
ActionController::RoutingError (No route matches [GET] "/users"):
  
actionpack (5.2.8) lib/action_dispatch/middleware/debug_exceptions.rb:65:in `call'
web-console (3.7.0) lib/web_console/middleware.rb:135:in `call_app'
web-console (3.7.0) lib/web_console/middleware.rb:30:in `block in call'
web-console (3.7.0) lib/web_console/middleware.rb:20:in `catch'
web-console (3.7.0) lib/web_console/middleware.rb:20:in `call'
actionpack (5.2.8) lib/action_dispatch/middleware/show_exceptions.rb:33:in `call'
railties (5.2.8) lib/rails/rack/logger.rb:38:in `call_app'
railties (5.2.8) lib/rails/rack/logger.rb:26:in `block in call'
activesupport (5.2.8) lib/active_support/tagged_logging.rb:71:in `block in tagged'
activesupport (5.2.8) lib/active_support/tagged_logging.rb:28:in `tagged'
activesupport (5.2.8) lib/active_support/tagged_logging.rb:71:in `tagged'
railties (5.2.8) lib/rails/rack/logger.rb:26:in `call'
sprockets-rails (3.4.2) lib/sprockets/rails/quiet_assets.rb:13:in `call'
actionpack (5.2.8) lib/action_dispatch/middleware/remote_ip.rb:81:in `call'
actionpack (5.2.8) lib/action_dispatch/middleware/request_id.rb:27:in `call'
rack (2.2.4) lib/rack/method_override.rb:24:in `call'
rack (2.2.4) lib/rack/runtime.rb:22:in `call'
activesupport (5.2.8) lib/active_support/cache/strategy/local_cache_middleware.rb:29:in `call'
actionpack (5.2.8) lib/action_dispatch/middleware/executor.rb:14:in `call'
actionpack (5.2.8) lib/action_dispatch/middleware/static.rb:127:in `call'
rack (2.2.4) lib/rack/sendfile.rb:110:in `call'
railties (5.2.8) lib/rails/engine.rb:524:in `call'
puma (3.12.6) lib/puma/configuration.rb:227:in `call'
puma (3.12.6) lib/puma/server.rb:706:in `handle_request'
puma (3.12.6) lib/puma/server.rb:476:in `process_client'
puma (3.12.6) lib/puma/server.rb:334:in `block in run'
puma (3.12.6) lib/puma/thread_pool.rb:135:in `block in spawn_thread'
Started GET "/users/new" for ::1 at 2022-07-06 17:15:45 -0400
Processing by UsersController#new as HTML
  Rendering users/new.html.erb within layouts/application
  Rendered users/new.html.erb within layouts/application (2.4ms)
Completed 200 OK in 95ms (Views: 23.0ms | ActiveRecord: 62.7ms)


Started POST "/users" for ::1 at 2022-07-06 17:16:24 -0400
Processing by UsersController#create as HTML
  Parameters: {"authenticity_token"=>"rzLifaOc4VVqGnF/E3Dl2GgUWolWuvW4CLDHGvw6iK/hkl5+BMbZqUVP2VnZI4sB9FMv2d5bfIZ0+UfWhNeKBg==", "user"=>{"name"=>"leo", "password"=>"[FILTERED]"}}
Unpermitted parameter: :name
Completed 500 Internal Server Error in 8ms (ActiveRecord: 0.0ms)



NameError - uninitialized constant BCrypt::Pasword:
  app/models/user.rb:43:in `password='
  app/controllers/users_controller.rb:16:in `create'

Started POST "/__better_errors/2c3abf435f34c2cb/variables" for ::1 at 2022-07-06 17:16:24 -0400
Started POST "/users" for ::1 at 2022-07-06 17:20:57 -0400
Processing by UsersController#create as HTML
  Parameters: {"authenticity_token"=>"rzLifaOc4VVqGnF/E3Dl2GgUWolWuvW4CLDHGvw6iK/hkl5+BMbZqUVP2VnZI4sB9FMv2d5bfIZ0+UfWhNeKBg==", "user"=>{"name"=>"leo", "password"=>"[FILTERED]"}}
Unpermitted parameter: :name
Completed 500 Internal Server Error in 29ms (ActiveRecord: 19.0ms)



NameError - uninitialized constant BCrypt::Pasword:
  app/models/user.rb:43:in `password='
  app/controllers/users_controller.rb:17:in `create'

Started POST "/__better_errors/6ef8833b22c40da9/variables" for ::1 at 2022-07-06 17:20:57 -0400
Started GET "/users/new" for ::1 at 2022-07-06 17:21:00 -0400
Processing by UsersController#new as HTML
  Rendering users/new.html.erb within layouts/application
  Rendered users/new.html.erb within layouts/application (1.2ms)
Completed 200 OK in 31ms (Views: 30.7ms | ActiveRecord: 0.0ms)


Started POST "/users" for ::1 at 2022-07-06 17:21:04 -0400
Processing by UsersController#create as HTML
  Parameters: {"authenticity_token"=>"ilkDaHcooNr/xPMW+KVTAggdfU8VZiVs/OGwCMAh3WfE+b9r0HKYJtCRWzAy9j3blFoIH52HrFKAqDDEuMzfzg==", "user"=>{"name"=>"leo", "password"=>"[FILTERED]"}}
Unpermitted parameter: :name
Completed 500 Internal Server Error in 5ms (ActiveRecord: 0.0ms)



NameError - uninitialized constant BCrypt::Pasword:
  app/models/user.rb:43:in `password='
  app/controllers/users_controller.rb:17:in `create'

Started POST "/__better_errors/91aad207045e8340/variables" for ::1 at 2022-07-06 17:21:04 -0400
Started POST "/users" for ::1 at 2022-07-06 17:24:15 -0400
Processing by UsersController#create as HTML
  Parameters: {"authenticity_token"=>"ilkDaHcooNr/xPMW+KVTAggdfU8VZiVs/OGwCMAh3WfE+b9r0HKYJtCRWzAy9j3blFoIH52HrFKAqDDEuMzfzg==", "user"=>{"name"=>"leo", "password"=>"[FILTERED]"}}
Unpermitted parameter: :name
Completed 500 Internal Server Error in 14ms (ActiveRecord: 3.8ms)



NameError - uninitialized constant BCrypt::Pasword:
  app/models/user.rb:46:in `password='
  app/controllers/users_controller.rb:17:in `create'

Started POST "/__better_errors/52f1f1b812c05899/variables" for ::1 at 2022-07-06 17:24:15 -0400
Started POST "/users" for ::1 at 2022-07-06 17:24:38 -0400
Processing by UsersController#create as HTML
  Parameters: {"authenticity_token"=>"ilkDaHcooNr/xPMW+KVTAggdfU8VZiVs/OGwCMAh3WfE+b9r0HKYJtCRWzAy9j3blFoIH52HrFKAqDDEuMzfzg==", "user"=>{"name"=>"leo", "password"=>"[FILTERED]"}}
Unpermitted parameter: :name
  [1m[35m (30.9ms)[0m  [1m[35mBEGIN[0m
  ↳ app/controllers/users_controller.rb:18
  [1m[35m (75.8ms)[0m  [1m[31mROLLBACK[0m
  ↳ app/controllers/users_controller.rb:18
  Rendering users/new.html.erb within layouts/application
  Rendered users/new.html.erb within layouts/application (0.8ms)
Completed 200 OK in 410ms (Views: 16.9ms | ActiveRecord: 110.2ms)


Started POST "/users" for ::1 at 2022-07-06 17:24:43 -0400
Processing by UsersController#create as HTML
  Parameters: {"authenticity_token"=>"ONfZDlTaOv8828LpfAjEPljFRApeP4ZeP4Bgkl52WjV2d2UN84ACAxOOas+2W6rnxIIxWtbeD2BDyeBeJptYnA==", "user"=>{"name"=>"leo", "password"=>"[FILTERED]"}}
Unpermitted parameter: :name
  [1m[35m (0.1ms)[0m  [1m[35mBEGIN[0m
  ↳ app/controllers/users_controller.rb:18
  [1m[35m (0.1ms)[0m  [1m[31mROLLBACK[0m
  ↳ app/controllers/users_controller.rb:18
  Rendering users/new.html.erb within layouts/application
  Rendered users/new.html.erb within layouts/application (0.5ms)
Completed 200 OK in 309ms (Views: 9.2ms | ActiveRecord: 0.3ms)


Started GET "/users" for ::1 at 2022-07-06 17:25:06 -0400
  
ActionController::RoutingError (No route matches [GET] "/users"):
  
actionpack (5.2.8) lib/action_dispatch/middleware/debug_exceptions.rb:65:in `call'
web-console (3.7.0) lib/web_console/middleware.rb:135:in `call_app'
web-console (3.7.0) lib/web_console/middleware.rb:30:in `block in call'
web-console (3.7.0) lib/web_console/middleware.rb:20:in `catch'
web-console (3.7.0) lib/web_console/middleware.rb:20:in `call'
actionpack (5.2.8) lib/action_dispatch/middleware/show_exceptions.rb:33:in `call'
railties (5.2.8) lib/rails/rack/logger.rb:38:in `call_app'
railties (5.2.8) lib/rails/rack/logger.rb:26:in `block in call'
activesupport (5.2.8) lib/active_support/tagged_logging.rb:71:in `block in tagged'
activesupport (5.2.8) lib/active_support/tagged_logging.rb:28:in `tagged'
activesupport (5.2.8) lib/active_support/tagged_logging.rb:71:in `tagged'
railties (5.2.8) lib/rails/rack/logger.rb:26:in `call'
sprockets-rails (3.4.2) lib/sprockets/rails/quiet_assets.rb:13:in `call'
actionpack (5.2.8) lib/action_dispatch/middleware/remote_ip.rb:81:in `call'
actionpack (5.2.8) lib/action_dispatch/middleware/request_id.rb:27:in `call'
rack (2.2.4) lib/rack/method_override.rb:24:in `call'
rack (2.2.4) lib/rack/runtime.rb:22:in `call'
activesupport (5.2.8) lib/active_support/cache/strategy/local_cache_middleware.rb:29:in `call'
actionpack (5.2.8) lib/action_dispatch/middleware/executor.rb:14:in `call'
actionpack (5.2.8) lib/action_dispatch/middleware/static.rb:127:in `call'
rack (2.2.4) lib/rack/sendfile.rb:110:in `call'
railties (5.2.8) lib/rails/engine.rb:524:in `call'
puma (3.12.6) lib/puma/configuration.rb:227:in `call'
puma (3.12.6) lib/puma/server.rb:706:in `handle_request'
puma (3.12.6) lib/puma/server.rb:476:in `process_client'
puma (3.12.6) lib/puma/server.rb:334:in `block in run'
puma (3.12.6) lib/puma/thread_pool.rb:135:in `block in spawn_thread'
Started GET "/users/new" for ::1 at 2022-07-06 17:25:13 -0400
Processing by UsersController#new as HTML
  Rendering users/new.html.erb within layouts/application
  Rendered users/new.html.erb within layouts/application (0.6ms)
Completed 200 OK in 23ms (Views: 11.7ms | ActiveRecord: 4.2ms)


Started POST "/users" for ::1 at 2022-07-06 17:25:16 -0400
Processing by UsersController#create as HTML
  Parameters: {"authenticity_token"=>"f6I22bYlNmwf8NW8KC1V9gDvaDbrqfL5KxbSBcKfuu0xAoraEX8OkDClfZrifjsvnKgdZmNIe8dXX1LJunK4RA==", "user"=>{"name"=>"leo", "password"=>"[FILTERED]"}}
Unpermitted parameter: :name
  [1m[35m (0.2ms)[0m  [1m[35mBEGIN[0m
  ↳ app/controllers/users_controller.rb:18
  [1m[35m (0.2ms)[0m  [1m[31mROLLBACK[0m
  ↳ app/controllers/users_controller.rb:18
  Rendering users/new.html.erb within layouts/application
  Rendered users/new.html.erb within layouts/application (0.4ms)
Completed 200 OK in 288ms (Views: 8.3ms | ActiveRecord: 0.4ms)


